Using pre-set license
Built from '2020.3/staging' branch; Version is '2020.3.11f1 (99c7afb366b3) revision 10078127'; Using compiler version '192528614'; Build Type 'Release'
OS: 'Windows 10 Home; OS build 19043.1466; Version 2009; 64bit' Language: 'es' Physical Memory: 12152 MB
BatchMode: 1, IsHumanControllingUs: 0, StartBugReporterOnCrash: 0, Is64bit: 1, IsPro: 0

 COMMAND LINE ARGUMENTS:
C:\Program Files\Unity\Hub\Editor\2020.3.11f1\Editor\Unity.exe
-adb2
-batchMode
-noUpm
-name
AssetImportWorker0
-projectPath
C:/Users/Public/Documents/Unity Projects/Life Game
-logFile
Logs/AssetImportWorker0.log
-srvPort
58516
Successfully changed project path to: C:/Users/Public/Documents/Unity Projects/Life Game
C:/Users/Public/Documents/Unity Projects/Life Game
Using Asset Import Pipeline V2.
Refreshing native plugins compatible for Editor in 89.27 ms, found 3 plugins.
Preloading 0 native plugins for Editor in 0.00 ms.
Initialize engine version: 2020.3.11f1 (99c7afb366b3)
[Subsystems] Discovering subsystems at path C:/Program Files/Unity/Hub/Editor/2020.3.11f1/Editor/Data/Resources/UnitySubsystems
[Subsystems] Discovering subsystems at path C:/Users/Public/Documents/Unity Projects/Life Game/Assets
GfxDevice: creating device client; threaded=0
Direct3D:
    Version:  Direct3D 11.0 [level 11.0]
    Renderer: NVIDIA GeForce 920M (ID=0x1299)
    Vendor:   
    VRAM:     2009 MB
    Driver:   25.21.14.2531
Initialize mono
Mono path[0] = 'C:/Program Files/Unity/Hub/Editor/2020.3.11f1/Editor/Data/Managed'
Mono path[1] = 'C:/Program Files/Unity/Hub/Editor/2020.3.11f1/Editor/Data/MonoBleedingEdge/lib/mono/unityjit'
Mono config path = 'C:/Program Files/Unity/Hub/Editor/2020.3.11f1/Editor/Data/MonoBleedingEdge/etc'
Using monoOptions --debugger-agent=transport=dt_socket,embedding=1,server=y,suspend=n,address=127.0.0.1:56540
Begin MonoManager ReloadAssembly
Registering precompiled unity dll's ...
Register platform support module: C:/Program Files/Unity/Hub/Editor/2020.3.11f1/Editor/Data/PlaybackEngines/WindowsStandaloneSupport/UnityEditor.WindowsStandalone.Extensions.dll
Registered in 0.010010 seconds.
Native extension for WindowsStandalone target not found
Refreshing native plugins compatible for Editor in 55.81 ms, found 3 plugins.
Preloading 0 native plugins for Editor in 0.00 ms.
Mono: successfully reloaded assembly
- Completed reload, in  5.327 seconds
Platform modules already initialized, skipping
Registering precompiled user dll's ...
Registered in 0.014878 seconds.
Begin MonoManager ReloadAssembly
Native extension for WindowsStandalone target not found
Refreshing native plugins compatible for Editor in 61.90 ms, found 3 plugins.
Preloading 0 native plugins for Editor in 0.00 ms.
Mono: successfully reloaded assembly
- Completed reload, in  1.859 seconds
Platform modules already initialized, skipping
========================================================================
Worker process is ready to serve import requests
Launched and connected shader compiler UnityShaderCompiler.exe after 0.07 seconds
Refreshing native plugins compatible for Editor in 0.67 ms, found 3 plugins.
Preloading 0 native plugins for Editor in 0.00 ms.
Unloading 2113 Unused Serialized files (Serialized files now loaded: 0)
System memory in use before: 94.2 MB.
System memory in use after: 94.1 MB.

Unloading 33 unused Assets to reduce memory usage. Loaded Objects now: 2548.
Total: 3.160700 ms (FindLiveObjects: 0.343900 ms CreateObjectMapping: 0.150400 ms MarkObjects: 2.470600 ms  DeleteObjects: 0.194300 ms)

========================================================================
Received Import Request.
  path: Assets/Cell.prefab
  artifactKey: Guid(825aadc8b25e4594a8807a545890ad11) Importer(815301076,1909f56bfc062723c751e8b465ee728b)
Start importing Assets/Cell.prefab using Guid(825aadc8b25e4594a8807a545890ad11) Importer(815301076,1909f56bfc062723c751e8b465ee728b)  -> (artifact id: '0058f3791bdedcc22947880bb2508c5b') in 0.339168 seconds
  Import took 0.348706 seconds .

========================================================================
Received Import Request.
  Time since last request: 2.543017 seconds.
  path: Assets/Cell.prefab
  artifactKey: Guid(825aadc8b25e4594a8807a545890ad11) Importer(815301076,1909f56bfc062723c751e8b465ee728b)
Start importing Assets/Cell.prefab using Guid(825aadc8b25e4594a8807a545890ad11) Importer(815301076,1909f56bfc062723c751e8b465ee728b)  -> (artifact id: '5002a41fc966d7a45fa120250e057fe2') in 0.029201 seconds
  Import took 0.044683 seconds .

========================================================================
Received Import Request.
  Time since last request: 203.967180 seconds.
  path: Assets/Scripts/CameraMovement.cs
  artifactKey: Guid(fdad2c250cbc64e4ba366290f41c1595) Importer(815301076,1909f56bfc062723c751e8b465ee728b)
Start importing Assets/Scripts/CameraMovement.cs using Guid(fdad2c250cbc64e4ba366290f41c1595) Importer(815301076,1909f56bfc062723c751e8b465ee728b)  -> (artifact id: '56b72260b5bfbbf94c8c7e7de8914f2c') in 0.079739 seconds
  Import took 0.096510 seconds .

========================================================================
Received Prepare
Registering precompiled user dll's ...
Registered in 0.017301 seconds.
Begin MonoManager ReloadAssembly
Native extension for WindowsStandalone target not found
Refreshing native plugins compatible for Editor in 0.53 ms, found 3 plugins.
Preloading 0 native plugins for Editor in 0.00 ms.
Mono: successfully reloaded assembly
- Completed reload, in  1.708 seconds
Platform modules already initialized, skipping
Refreshing native plugins compatible for Editor in 0.74 ms, found 3 plugins.
Preloading 0 native plugins for Editor in 0.00 ms.
Unloading 2106 Unused Serialized files (Serialized files now loaded: 0)
System memory in use before: 96.9 MB.
System memory in use after: 96.9 MB.

Unloading 21 unused Assets to reduce memory usage. Loaded Objects now: 2559.
Total: 4.920000 ms (FindLiveObjects: 0.437500 ms CreateObjectMapping: 0.299400 ms MarkObjects: 3.980800 ms  DeleteObjects: 0.200600 ms)

========================================================================
Received Prepare
Registering precompiled user dll's ...
Registered in 0.032761 seconds.
Begin MonoManager ReloadAssembly
Native extension for WindowsStandalone target not found
Refreshing native plugins compatible for Editor in 0.56 ms, found 3 plugins.
Preloading 0 native plugins for Editor in 0.00 ms.
Mono: successfully reloaded assembly
- Completed reload, in  3.100 seconds
Platform modules already initialized, skipping
Refreshing native plugins compatible for Editor in 0.69 ms, found 3 plugins.
Preloading 0 native plugins for Editor in 0.00 ms.
Unloading 2106 Unused Serialized files (Serialized files now loaded: 0)
System memory in use before: 97.0 MB.
System memory in use after: 96.9 MB.

Unloading 21 unused Assets to reduce memory usage. Loaded Objects now: 2563.
Total: 6.122500 ms (FindLiveObjects: 0.616700 ms CreateObjectMapping: 0.210600 ms MarkObjects: 5.032800 ms  DeleteObjects: 0.259100 ms)

========================================================================
Received Prepare
Registering precompiled user dll's ...
Registered in 0.019499 seconds.
Begin MonoManager ReloadAssembly
Native extension for WindowsStandalone target not found
Refreshing native plugins compatible for Editor in 0.52 ms, found 3 plugins.
Preloading 0 native plugins for Editor in 0.00 ms.
Mono: successfully reloaded assembly
- Completed reload, in  1.915 seconds
Platform modules already initialized, skipping
Refreshing native plugins compatible for Editor in 0.59 ms, found 3 plugins.
Preloading 0 native plugins for Editor in 0.00 ms.
Unloading 2106 Unused Serialized files (Serialized files now loaded: 0)
System memory in use before: 97.0 MB.
System memory in use after: 97.0 MB.

Unloading 21 unused Assets to reduce memory usage. Loaded Objects now: 2567.
Total: 3.408600 ms (FindLiveObjects: 0.280100 ms CreateObjectMapping: 0.093400 ms MarkObjects: 2.857000 ms  DeleteObjects: 0.177100 ms)

========================================================================
Received Prepare
Registering precompiled user dll's ...
Registered in 0.029119 seconds.
Begin MonoManager ReloadAssembly
Native extension for WindowsStandalone target not found
Refreshing native plugins compatible for Editor in 6.97 ms, found 3 plugins.
Preloading 0 native plugins for Editor in 0.00 ms.
Mono: successfully reloaded assembly
- Completed reload, in  6.345 seconds
Platform modules already initialized, skipping
Refreshing native plugins compatible for Editor in 0.55 ms, found 3 plugins.
Preloading 0 native plugins for Editor in 0.00 ms.
Unloading 2106 Unused Serialized files (Serialized files now loaded: 0)
System memory in use before: 97.0 MB.
System memory in use after: 97.0 MB.

Unloading 21 unused Assets to reduce memory usage. Loaded Objects now: 2571.
Total: 10.338000 ms (FindLiveObjects: 0.510700 ms CreateObjectMapping: 0.143000 ms MarkObjects: 9.452200 ms  DeleteObjects: 0.230200 ms)

========================================================================
Received Prepare
Registering precompiled user dll's ...
Registered in 0.021167 seconds.
Begin MonoManager ReloadAssembly
Native extension for WindowsStandalone target not found
Refreshing native plugins compatible for Editor in 0.72 ms, found 3 plugins.
Preloading 0 native plugins for Editor in 0.00 ms.
Mono: successfully reloaded assembly
- Completed reload, in  2.371 seconds
Platform modules already initialized, skipping
Refreshing native plugins compatible for Editor in 1.39 ms, found 3 plugins.
Preloading 0 native plugins for Editor in 0.00 ms.
Unloading 2106 Unused Serialized files (Serialized files now loaded: 0)
System memory in use before: 97.0 MB.
System memory in use after: 97.0 MB.

Unloading 21 unused Assets to reduce memory usage. Loaded Objects now: 2575.
Total: 3.655400 ms (FindLiveObjects: 0.273600 ms CreateObjectMapping: 0.125900 ms MarkObjects: 2.975800 ms  DeleteObjects: 0.278300 ms)

========================================================================
Received Prepare
Registering precompiled user dll's ...
Registered in 0.027996 seconds.
Begin MonoManager ReloadAssembly
Native extension for WindowsStandalone target not found
Refreshing native plugins compatible for Editor in 0.54 ms, found 3 plugins.
Preloading 0 native plugins for Editor in 0.00 ms.
Mono: successfully reloaded assembly
- Completed reload, in  1.772 seconds
Platform modules already initialized, skipping
Refreshing native plugins compatible for Editor in 1.09 ms, found 3 plugins.
Preloading 0 native plugins for Editor in 0.00 ms.
Unloading 2106 Unused Serialized files (Serialized files now loaded: 0)
System memory in use before: 97.1 MB.
System memory in use after: 97.0 MB.

Unloading 21 unused Assets to reduce memory usage. Loaded Objects now: 2579.
Total: 3.056100 ms (FindLiveObjects: 0.307300 ms CreateObjectMapping: 0.215900 ms MarkObjects: 2.354900 ms  DeleteObjects: 0.176700 ms)

========================================================================
Received Prepare
Registering precompiled user dll's ...
Registered in 0.021385 seconds.
Begin MonoManager ReloadAssembly
Native extension for WindowsStandalone target not found
Refreshing native plugins compatible for Editor in 0.66 ms, found 3 plugins.
Preloading 0 native plugins for Editor in 0.00 ms.
Mono: successfully reloaded assembly
- Completed reload, in  1.929 seconds
Platform modules already initialized, skipping
Refreshing native plugins compatible for Editor in 0.60 ms, found 3 plugins.
Preloading 0 native plugins for Editor in 0.00 ms.
Unloading 2106 Unused Serialized files (Serialized files now loaded: 0)
System memory in use before: 97.1 MB.
System memory in use after: 97.0 MB.

Unloading 21 unused Assets to reduce memory usage. Loaded Objects now: 2583.
Total: 5.011300 ms (FindLiveObjects: 0.550400 ms CreateObjectMapping: 0.497000 ms MarkObjects: 3.741600 ms  DeleteObjects: 0.220200 ms)

========================================================================
Received Prepare
Registering precompiled user dll's ...
Registered in 0.020073 seconds.
Begin MonoManager ReloadAssembly
Native extension for WindowsStandalone target not found
Refreshing native plugins compatible for Editor in 2.51 ms, found 3 plugins.
Preloading 0 native plugins for Editor in 0.00 ms.
Mono: successfully reloaded assembly
- Completed reload, in  2.531 seconds
Platform modules already initialized, skipping
Refreshing native plugins compatible for Editor in 1.03 ms, found 3 plugins.
Preloading 0 native plugins for Editor in 0.00 ms.
Unloading 2106 Unused Serialized files (Serialized files now loaded: 0)
System memory in use before: 97.1 MB.
System memory in use after: 97.1 MB.

Unloading 21 unused Assets to reduce memory usage. Loaded Objects now: 2587.
Total: 2.967500 ms (FindLiveObjects: 0.285700 ms CreateObjectMapping: 0.105800 ms MarkObjects: 2.412100 ms  DeleteObjects: 0.162500 ms)

========================================================================
Received Prepare
Registering precompiled user dll's ...
Registered in 0.028642 seconds.
Begin MonoManager ReloadAssembly
Native extension for WindowsStandalone target not found
Refreshing native plugins compatible for Editor in 0.55 ms, found 3 plugins.
Preloading 0 native plugins for Editor in 0.00 ms.
Mono: successfully reloaded assembly
- Completed reload, in  3.583 seconds
Platform modules already initialized, skipping
Refreshing native plugins compatible for Editor in 0.91 ms, found 3 plugins.
Preloading 0 native plugins for Editor in 0.00 ms.
Unloading 2106 Unused Serialized files (Serialized files now loaded: 0)
System memory in use before: 97.1 MB.
System memory in use after: 97.1 MB.

Unloading 21 unused Assets to reduce memory usage. Loaded Objects now: 2591.
Total: 5.107500 ms (FindLiveObjects: 0.269300 ms CreateObjectMapping: 0.124300 ms MarkObjects: 4.499300 ms  DeleteObjects: 0.212800 ms)

========================================================================
Received Prepare
Registering precompiled user dll's ...
Registered in 0.026836 seconds.
Begin MonoManager ReloadAssembly
Native extension for WindowsStandalone target not found
Refreshing native plugins compatible for Editor in 1.34 ms, found 3 plugins.
Preloading 0 native plugins for Editor in 0.00 ms.
Mono: successfully reloaded assembly
- Completed reload, in  3.051 seconds
Platform modules already initialized, skipping
Refreshing native plugins compatible for Editor in 13.19 ms, found 3 plugins.
Preloading 0 native plugins for Editor in 0.00 ms.
Unloading 2106 Unused Serialized files (Serialized files now loaded: 0)
System memory in use before: 97.1 MB.
System memory in use after: 97.1 MB.

Unloading 21 unused Assets to reduce memory usage. Loaded Objects now: 2595.
Total: 3.293200 ms (FindLiveObjects: 0.355900 ms CreateObjectMapping: 0.153000 ms MarkObjects: 2.554900 ms  DeleteObjects: 0.227800 ms)

========================================================================
Received Prepare
Registering precompiled user dll's ...
Registered in 0.019837 seconds.
Begin MonoManager ReloadAssembly
Native extension for WindowsStandalone target not found
Refreshing native plugins compatible for Editor in 6.57 ms, found 3 plugins.
Preloading 0 native plugins for Editor in 0.00 ms.
Mono: successfully reloaded assembly
- Completed reload, in  3.936 seconds
Platform modules already initialized, skipping
Refreshing native plugins compatible for Editor in 0.91 ms, found 3 plugins.
Preloading 0 native plugins for Editor in 0.00 ms.
Unloading 2106 Unused Serialized files (Serialized files now loaded: 0)
System memory in use before: 97.1 MB.
System memory in use after: 97.1 MB.

Unloading 21 unused Assets to reduce memory usage. Loaded Objects now: 2599.
Total: 20.232900 ms (FindLiveObjects: 0.376200 ms CreateObjectMapping: 0.140700 ms MarkObjects: 11.022600 ms  DeleteObjects: 8.691500 ms)

========================================================================
Received Prepare
Registering precompiled user dll's ...
Registered in 0.057793 seconds.
Begin MonoManager ReloadAssembly
Native extension for WindowsStandalone target not found
Refreshing native plugins compatible for Editor in 0.67 ms, found 3 plugins.
Preloading 0 native plugins for Editor in 0.00 ms.
Mono: successfully reloaded assembly
- Completed reload, in  3.141 seconds
Platform modules already initialized, skipping
Refreshing native plugins compatible for Editor in 0.57 ms, found 3 plugins.
Preloading 0 native plugins for Editor in 0.00 ms.
Unloading 2106 Unused Serialized files (Serialized files now loaded: 0)
System memory in use before: 97.1 MB.
System memory in use after: 97.1 MB.

Unloading 21 unused Assets to reduce memory usage. Loaded Objects now: 2603.
Total: 5.450300 ms (FindLiveObjects: 0.357900 ms CreateObjectMapping: 0.126400 ms MarkObjects: 4.811800 ms  DeleteObjects: 0.152700 ms)

========================================================================
Received Import Request.
  Time since last request: 9205.910710 seconds.
  path: Assets/Scripts/CellController.cs
  artifactKey: Guid(9197633123c533a4d8487ced54358d63) Importer(815301076,1909f56bfc062723c751e8b465ee728b)
Start importing Assets/Scripts/CellController.cs using Guid(9197633123c533a4d8487ced54358d63) Importer(815301076,1909f56bfc062723c751e8b465ee728b)  -> (artifact id: '5971d2fae575e4eaa96e7109c6a23420') in 0.026732 seconds
  Import took 1.236195 seconds .

========================================================================
Received Import Request.
  Time since last request: 31.551151 seconds.
  path: Assets/Scripts/CellController1.cs
  artifactKey: Guid(773e229b3af04e941b49497d43cdc296) Importer(815301076,1909f56bfc062723c751e8b465ee728b)
Start importing Assets/Scripts/CellController1.cs using Guid(773e229b3af04e941b49497d43cdc296) Importer(815301076,1909f56bfc062723c751e8b465ee728b)  -> (artifact id: '1792989d72899f532223c7a2bfe9a623') in 0.031630 seconds
  Import took 0.071556 seconds .

========================================================================
Received Import Request.
  Time since last request: 12.243260 seconds.
  path: Assets/Scripts/CellController - NotParallel.cs
  artifactKey: Guid(773e229b3af04e941b49497d43cdc296) Importer(815301076,1909f56bfc062723c751e8b465ee728b)
Start importing Assets/Scripts/CellController - NotParallel.cs using Guid(773e229b3af04e941b49497d43cdc296) Importer(815301076,1909f56bfc062723c751e8b465ee728b)  -> (artifact id: '8763ee668528f9eddc05ab314c5c3794') in 0.054817 seconds
  Import took 0.069427 seconds .

========================================================================
Received Import Request.
  Time since last request: 27.344115 seconds.
  path: Assets/Scripts/CellController - NotParallel.cs
  artifactKey: Guid(773e229b3af04e941b49497d43cdc296) Importer(815301076,1909f56bfc062723c751e8b465ee728b)
Start importing Assets/Scripts/CellController - NotParallel.cs using Guid(773e229b3af04e941b49497d43cdc296) Importer(815301076,1909f56bfc062723c751e8b465ee728b)  -> (artifact id: 'a480e196970229a03f018fc648ea303e') in 0.009342 seconds
  Import took 0.038849 seconds .

========================================================================
Received Import Request.
  Time since last request: 5.883201 seconds.
  path: Assets/Scripts/CellControllerNotParallel.cs
  artifactKey: Guid(773e229b3af04e941b49497d43cdc296) Importer(815301076,1909f56bfc062723c751e8b465ee728b)
Start importing Assets/Scripts/CellControllerNotParallel.cs using Guid(773e229b3af04e941b49497d43cdc296) Importer(815301076,1909f56bfc062723c751e8b465ee728b)  -> (artifact id: 'dd0c62522f1de934d4e3a86f4802eeb1') in 0.032080 seconds
  Import took 0.037044 seconds .

========================================================================
Received Prepare
Registering precompiled user dll's ...
Registered in 0.015246 seconds.
Begin MonoManager ReloadAssembly
Native extension for WindowsStandalone target not found
Refreshing native plugins compatible for Editor in 0.98 ms, found 3 plugins.
Preloading 0 native plugins for Editor in 0.00 ms.
Mono: successfully reloaded assembly
- Completed reload, in  5.046 seconds
Platform modules already initialized, skipping
Refreshing native plugins compatible for Editor in 4.52 ms, found 3 plugins.
Preloading 0 native plugins for Editor in 0.00 ms.
Unloading 2106 Unused Serialized files (Serialized files now loaded: 0)
System memory in use before: 97.1 MB.
System memory in use after: 97.1 MB.

Unloading 21 unused Assets to reduce memory usage. Loaded Objects now: 2607.
Total: 9.141400 ms (FindLiveObjects: 0.266600 ms CreateObjectMapping: 0.141200 ms MarkObjects: 8.479800 ms  DeleteObjects: 0.251700 ms)

========================================================================
Received Import Request.
  Time since last request: 69.811180 seconds.
  path: Assets/Scripts/CellMatrix.cs
  artifactKey: Guid(578b18e6c06db2b439f9f1749fb987bb) Importer(815301076,1909f56bfc062723c751e8b465ee728b)
Start importing Assets/Scripts/CellMatrix.cs using Guid(578b18e6c06db2b439f9f1749fb987bb) Importer(815301076,1909f56bfc062723c751e8b465ee728b)  -> (artifact id: 'a9ee11921e04e54f68aec6dfaeb1b8cf') in 0.077504 seconds
  Import took 0.095204 seconds .

========================================================================
Received Prepare
Registering precompiled user dll's ...
Registered in 0.026134 seconds.
Begin MonoManager ReloadAssembly
Native extension for WindowsStandalone target not found
Refreshing native plugins compatible for Editor in 0.53 ms, found 3 plugins.
Preloading 0 native plugins for Editor in 0.00 ms.
Mono: successfully reloaded assembly
- Completed reload, in  1.798 seconds
Platform modules already initialized, skipping
Refreshing native plugins compatible for Editor in 0.55 ms, found 3 plugins.
Preloading 0 native plugins for Editor in 0.00 ms.
Unloading 2107 Unused Serialized files (Serialized files now loaded: 0)
System memory in use before: 97.1 MB.
System memory in use after: 97.1 MB.

Unloading 21 unused Assets to reduce memory usage. Loaded Objects now: 2612.
Total: 3.116300 ms (FindLiveObjects: 0.254300 ms CreateObjectMapping: 0.099200 ms MarkObjects: 2.595200 ms  DeleteObjects: 0.166600 ms)

========================================================================
Received Import Request.
  Time since last request: 46.590179 seconds.
  path: Assets/Scripts/CellMatrix.cs
  artifactKey: Guid(578b18e6c06db2b439f9f1749fb987bb) Importer(815301076,1909f56bfc062723c751e8b465ee728b)
Start importing Assets/Scripts/CellMatrix.cs using Guid(578b18e6c06db2b439f9f1749fb987bb) Importer(815301076,1909f56bfc062723c751e8b465ee728b)  -> (artifact id: '5ad43d4774583ccfc0216a80a719a58a') in 0.014784 seconds
  Import took 0.020251 seconds .

========================================================================
Received Import Request.
  Time since last request: 0.054998 seconds.
  path: Assets/Scripts/CellMatrix.cs
  artifactKey: Guid(578b18e6c06db2b439f9f1749fb987bb) Importer(815301076,1909f56bfc062723c751e8b465ee728b)
Start importing Assets/Scripts/CellMatrix.cs using Guid(578b18e6c06db2b439f9f1749fb987bb) Importer(815301076,1909f56bfc062723c751e8b465ee728b)  -> (artifact id: '5ad43d4774583ccfc0216a80a719a58a') in 0.014224 seconds
  Import took 0.020889 seconds .

========================================================================
Received Prepare
Registering precompiled user dll's ...
Registered in 0.015405 seconds.
Begin MonoManager ReloadAssembly
Native extension for WindowsStandalone target not found
Refreshing native plugins compatible for Editor in 0.59 ms, found 3 plugins.
Preloading 0 native plugins for Editor in 0.00 ms.
Mono: successfully reloaded assembly
- Completed reload, in  1.762 seconds
Platform modules already initialized, skipping
Refreshing native plugins compatible for Editor in 0.54 ms, found 3 plugins.
Preloading 0 native plugins for Editor in 0.00 ms.
Unloading 2107 Unused Serialized files (Serialized files now loaded: 0)
System memory in use before: 97.2 MB.
System memory in use after: 97.1 MB.

Unloading 21 unused Assets to reduce memory usage. Loaded Objects now: 2616.
Total: 3.389200 ms (FindLiveObjects: 0.436100 ms CreateObjectMapping: 0.155800 ms MarkObjects: 2.626200 ms  DeleteObjects: 0.169200 ms)

========================================================================
Received Import Request.
  Time since last request: 29.270584 seconds.
  path: Assets/Scripts/CellMatrix.cs
  artifactKey: Guid(578b18e6c06db2b439f9f1749fb987bb) Importer(815301076,1909f56bfc062723c751e8b465ee728b)
Start importing Assets/Scripts/CellMatrix.cs using Guid(578b18e6c06db2b439f9f1749fb987bb) Importer(815301076,1909f56bfc062723c751e8b465ee728b)  -> (artifact id: '5d1e113af2b283d4c64bf1479a449a5d') in 0.013802 seconds
  Import took 0.019650 seconds .

========================================================================
Received Import Request.
  Time since last request: 0.052825 seconds.
  path: Assets/Scripts/CellMatrix.cs
  artifactKey: Guid(578b18e6c06db2b439f9f1749fb987bb) Importer(815301076,1909f56bfc062723c751e8b465ee728b)
Start importing Assets/Scripts/CellMatrix.cs using Guid(578b18e6c06db2b439f9f1749fb987bb) Importer(815301076,1909f56bfc062723c751e8b465ee728b)  -> (artifact id: '5d1e113af2b283d4c64bf1479a449a5d') in 0.016476 seconds
  Import took 0.022888 seconds .

========================================================================
Received Prepare
Registering precompiled user dll's ...
Registered in 0.016446 seconds.
Begin MonoManager ReloadAssembly
Native extension for WindowsStandalone target not found
Refreshing native plugins compatible for Editor in 0.63 ms, found 3 plugins.
Preloading 0 native plugins for Editor in 0.00 ms.
Mono: successfully reloaded assembly
- Completed reload, in  1.901 seconds
Platform modules already initialized, skipping
Refreshing native plugins compatible for Editor in 0.64 ms, found 3 plugins.
Preloading 0 native plugins for Editor in 0.00 ms.
Unloading 2107 Unused Serialized files (Serialized files now loaded: 0)
System memory in use before: 97.2 MB.
System memory in use after: 97.1 MB.

Unloading 21 unused Assets to reduce memory usage. Loaded Objects now: 2620.
Total: 3.300300 ms (FindLiveObjects: 0.361200 ms CreateObjectMapping: 0.137800 ms MarkObjects: 2.634400 ms  DeleteObjects: 0.165500 ms)

========================================================================
Received Import Request.
  Time since last request: 1481.366209 seconds.
  path: Assets/Scripts/CellMatrix.cs
  artifactKey: Guid(578b18e6c06db2b439f9f1749fb987bb) Importer(815301076,1909f56bfc062723c751e8b465ee728b)
Start importing Assets/Scripts/CellMatrix.cs using Guid(578b18e6c06db2b439f9f1749fb987bb) Importer(815301076,1909f56bfc062723c751e8b465ee728b)  -> (artifact id: '1682e7195fe4dbc1b5a9de10e469ab25') in 0.018074 seconds
  Import took 0.024730 seconds .

========================================================================
Received Import Request.
  Time since last request: 0.047162 seconds.
  path: Assets/Scripts/CellMatrix.cs
  artifactKey: Guid(578b18e6c06db2b439f9f1749fb987bb) Importer(815301076,1909f56bfc062723c751e8b465ee728b)
Start importing Assets/Scripts/CellMatrix.cs using Guid(578b18e6c06db2b439f9f1749fb987bb) Importer(815301076,1909f56bfc062723c751e8b465ee728b)  -> (artifact id: '1682e7195fe4dbc1b5a9de10e469ab25') in 0.013026 seconds
  Import took 0.019051 seconds .

========================================================================
Received Prepare
Registering precompiled user dll's ...
Registered in 0.017833 seconds.
Begin MonoManager ReloadAssembly
Native extension for WindowsStandalone target not found
Refreshing native plugins compatible for Editor in 0.58 ms, found 3 plugins.
Preloading 0 native plugins for Editor in 0.00 ms.
Mono: successfully reloaded assembly
- Completed reload, in 11.657 seconds
Platform modules already initialized, skipping
Refreshing native plugins compatible for Editor in 0.59 ms, found 3 plugins.
Preloading 0 native plugins for Editor in 0.00 ms.
Unloading 2107 Unused Serialized files (Serialized files now loaded: 0)
System memory in use before: 97.2 MB.
System memory in use after: 97.2 MB.

Unloading 21 unused Assets to reduce memory usage. Loaded Objects now: 2624.
Total: 4.876000 ms (FindLiveObjects: 0.450000 ms CreateObjectMapping: 0.250000 ms MarkObjects: 3.976300 ms  DeleteObjects: 0.197700 ms)

========================================================================
Received Prepare
Registering precompiled user dll's ...
Registered in 0.017611 seconds.
Begin MonoManager ReloadAssembly
Native extension for WindowsStandalone target not found
Refreshing native plugins compatible for Editor in 0.52 ms, found 3 plugins.
Preloading 0 native plugins for Editor in 0.00 ms.
Mono: successfully reloaded assembly
- Completed reload, in  1.732 seconds
Platform modules already initialized, skipping
Refreshing native plugins compatible for Editor in 0.68 ms, found 3 plugins.
Preloading 0 native plugins for Editor in 0.00 ms.
Unloading 2107 Unused Serialized files (Serialized files now loaded: 0)
System memory in use before: 97.2 MB.
System memory in use after: 97.2 MB.

Unloading 21 unused Assets to reduce memory usage. Loaded Objects now: 2628.
Total: 4.447500 ms (FindLiveObjects: 0.271900 ms CreateObjectMapping: 0.097400 ms MarkObjects: 3.907100 ms  DeleteObjects: 0.169800 ms)

========================================================================
Received Prepare
Registering precompiled user dll's ...
Registered in 0.013173 seconds.
Begin MonoManager ReloadAssembly
Native extension for WindowsStandalone target not found
Refreshing native plugins compatible for Editor in 0.54 ms, found 3 plugins.
Preloading 0 native plugins for Editor in 0.00 ms.
Mono: successfully reloaded assembly
- Completed reload, in  1.805 seconds
Platform modules already initialized, skipping
Refreshing native plugins compatible for Editor in 0.54 ms, found 3 plugins.
Preloading 0 native plugins for Editor in 0.00 ms.
Unloading 2107 Unused Serialized files (Serialized files now loaded: 0)
System memory in use before: 97.2 MB.
System memory in use after: 97.2 MB.

Unloading 21 unused Assets to reduce memory usage. Loaded Objects now: 2632.
Total: 3.079400 ms (FindLiveObjects: 0.276200 ms CreateObjectMapping: 0.110300 ms MarkObjects: 2.516300 ms  DeleteObjects: 0.175200 ms)

========================================================================
Received Prepare
Registering precompiled user dll's ...
Registered in 0.019970 seconds.
Begin MonoManager ReloadAssembly
Native extension for WindowsStandalone target not found
Refreshing native plugins compatible for Editor in 0.59 ms, found 3 plugins.
Preloading 0 native plugins for Editor in 0.00 ms.
Mono: successfully reloaded assembly
- Completed reload, in  1.942 seconds
Platform modules already initialized, skipping
Refreshing native plugins compatible for Editor in 0.59 ms, found 3 plugins.
Preloading 0 native plugins for Editor in 0.00 ms.
Unloading 2107 Unused Serialized files (Serialized files now loaded: 0)
System memory in use before: 97.2 MB.
System memory in use after: 97.2 MB.

Unloading 21 unused Assets to reduce memory usage. Loaded Objects now: 2636.
Total: 3.279400 ms (FindLiveObjects: 0.263800 ms CreateObjectMapping: 0.105200 ms MarkObjects: 2.732400 ms  DeleteObjects: 0.176700 ms)

========================================================================
Received Import Request.
  Time since last request: 1082.163089 seconds.
  path: Assets/Scripts/CellMatrix.cs
  artifactKey: Guid(578b18e6c06db2b439f9f1749fb987bb) Importer(815301076,1909f56bfc062723c751e8b465ee728b)
Start importing Assets/Scripts/CellMatrix.cs using Guid(578b18e6c06db2b439f9f1749fb987bb) Importer(815301076,1909f56bfc062723c751e8b465ee728b)  -> (artifact id: '23880bb7d88829ca0e835970bb356168') in 0.012814 seconds
  Import took 0.017180 seconds .

========================================================================
Received Import Request.
  Time since last request: 0.056210 seconds.
  path: Assets/Scripts/CellMatrix.cs
  artifactKey: Guid(578b18e6c06db2b439f9f1749fb987bb) Importer(815301076,1909f56bfc062723c751e8b465ee728b)
Start importing Assets/Scripts/CellMatrix.cs using Guid(578b18e6c06db2b439f9f1749fb987bb) Importer(815301076,1909f56bfc062723c751e8b465ee728b)  -> (artifact id: '23880bb7d88829ca0e835970bb356168') in 0.015258 seconds
  Import took 0.021117 seconds .

========================================================================
Received Prepare
Registering precompiled user dll's ...
Registered in 0.014977 seconds.
Begin MonoManager ReloadAssembly
Native extension for WindowsStandalone target not found
Refreshing native plugins compatible for Editor in 0.55 ms, found 3 plugins.
Preloading 0 native plugins for Editor in 0.00 ms.
Mono: successfully reloaded assembly
- Completed reload, in  1.649 seconds
Platform modules already initialized, skipping
Refreshing native plugins compatible for Editor in 0.63 ms, found 3 plugins.
Preloading 0 native plugins for Editor in 0.00 ms.
Unloading 2107 Unused Serialized files (Serialized files now loaded: 0)
System memory in use before: 97.2 MB.
System memory in use after: 97.2 MB.

Unloading 21 unused Assets to reduce memory usage. Loaded Objects now: 2640.
Total: 3.463100 ms (FindLiveObjects: 0.252300 ms CreateObjectMapping: 0.107700 ms MarkObjects: 2.954500 ms  DeleteObjects: 0.147400 ms)

========================================================================
Received Prepare
Registering precompiled user dll's ...
Registered in 0.015626 seconds.
Begin MonoManager ReloadAssembly
Native extension for WindowsStandalone target not found
Refreshing native plugins compatible for Editor in 0.53 ms, found 3 plugins.
Preloading 0 native plugins for Editor in 0.00 ms.
Mono: successfully reloaded assembly
- Completed reload, in  2.018 seconds
Platform modules already initialized, skipping
Refreshing native plugins compatible for Editor in 0.63 ms, found 3 plugins.
Preloading 0 native plugins for Editor in 0.00 ms.
Unloading 2107 Unused Serialized files (Serialized files now loaded: 0)
System memory in use before: 97.2 MB.
System memory in use after: 97.2 MB.

Unloading 21 unused Assets to reduce memory usage. Loaded Objects now: 2644.
Total: 3.007600 ms (FindLiveObjects: 0.227800 ms CreateObjectMapping: 0.095100 ms MarkObjects: 2.522800 ms  DeleteObjects: 0.160200 ms)

========================================================================
Received Import Request.
  Time since last request: 96.107401 seconds.
  path: Assets/Scripts/CellMatrix.cs
  artifactKey: Guid(578b18e6c06db2b439f9f1749fb987bb) Importer(815301076,1909f56bfc062723c751e8b465ee728b)
Start importing Assets/Scripts/CellMatrix.cs using Guid(578b18e6c06db2b439f9f1749fb987bb) Importer(815301076,1909f56bfc062723c751e8b465ee728b)  -> (artifact id: 'a0ccc3be1ec8d70b818070e65a4b643f') in 0.014462 seconds
  Import took 0.020139 seconds .

========================================================================
Received Import Request.
  Time since last request: 0.052875 seconds.
  path: Assets/Scripts/CellMatrix.cs
  artifactKey: Guid(578b18e6c06db2b439f9f1749fb987bb) Importer(815301076,1909f56bfc062723c751e8b465ee728b)
Start importing Assets/Scripts/CellMatrix.cs using Guid(578b18e6c06db2b439f9f1749fb987bb) Importer(815301076,1909f56bfc062723c751e8b465ee728b)  -> (artifact id: 'a0ccc3be1ec8d70b818070e65a4b643f') in 0.013630 seconds
  Import took 0.018982 seconds .

========================================================================
Received Prepare
Registering precompiled user dll's ...
Registered in 0.016360 seconds.
Begin MonoManager ReloadAssembly
Native extension for WindowsStandalone target not found
Refreshing native plugins compatible for Editor in 0.52 ms, found 3 plugins.
Preloading 0 native plugins for Editor in 0.00 ms.
Mono: successfully reloaded assembly
- Completed reload, in  1.637 seconds
Platform modules already initialized, skipping
Refreshing native plugins compatible for Editor in 0.55 ms, found 3 plugins.
Preloading 0 native plugins for Editor in 0.00 ms.
Unloading 2107 Unused Serialized files (Serialized files now loaded: 0)
System memory in use before: 97.2 MB.
System memory in use after: 97.2 MB.

Unloading 21 unused Assets to reduce memory usage. Loaded Objects now: 2648.
Total: 3.787500 ms (FindLiveObjects: 0.439400 ms CreateObjectMapping: 0.196100 ms MarkObjects: 2.973500 ms  DeleteObjects: 0.177300 ms)

========================================================================
Received Prepare
Registering precompiled user dll's ...
Registered in 0.020886 seconds.
Begin MonoManager ReloadAssembly
Native extension for WindowsStandalone target not found
Refreshing native plugins compatible for Editor in 0.86 ms, found 3 plugins.
Preloading 0 native plugins for Editor in 0.00 ms.
Mono: successfully reloaded assembly
- Completed reload, in  3.772 seconds
Platform modules already initialized, skipping
Refreshing native plugins compatible for Editor in 0.93 ms, found 3 plugins.
Preloading 0 native plugins for Editor in 0.00 ms.
Unloading 2107 Unused Serialized files (Serialized files now loaded: 0)
System memory in use before: 97.2 MB.
System memory in use after: 97.2 MB.

Unloading 21 unused Assets to reduce memory usage. Loaded Objects now: 2652.
Total: 9.094100 ms (FindLiveObjects: 0.917500 ms CreateObjectMapping: 0.617900 ms MarkObjects: 7.354800 ms  DeleteObjects: 0.202000 ms)

========================================================================
Received Prepare
Registering precompiled user dll's ...
Registered in 0.015385 seconds.
Begin MonoManager ReloadAssembly
Native extension for WindowsStandalone target not found
Refreshing native plugins compatible for Editor in 1.00 ms, found 3 plugins.
Preloading 0 native plugins for Editor in 0.00 ms.
Mono: successfully reloaded assembly
- Completed reload, in  2.351 seconds
Platform modules already initialized, skipping
Refreshing native plugins compatible for Editor in 0.81 ms, found 3 plugins.
Preloading 0 native plugins for Editor in 0.00 ms.
Unloading 2107 Unused Serialized files (Serialized files now loaded: 0)
System memory in use before: 97.3 MB.
System memory in use after: 97.2 MB.

Unloading 21 unused Assets to reduce memory usage. Loaded Objects now: 2656.
Total: 3.853700 ms (FindLiveObjects: 0.365400 ms CreateObjectMapping: 0.143100 ms MarkObjects: 3.185700 ms  DeleteObjects: 0.157400 ms)

========================================================================
Received Prepare
Registering precompiled user dll's ...
Registered in 0.033316 seconds.
Begin MonoManager ReloadAssembly
Native extension for WindowsStandalone target not found
Refreshing native plugins compatible for Editor in 0.88 ms, found 3 plugins.
Preloading 0 native plugins for Editor in 0.00 ms.
Mono: successfully reloaded assembly
- Completed reload, in  4.670 seconds
Platform modules already initialized, skipping
Refreshing native plugins compatible for Editor in 1.41 ms, found 3 plugins.
Preloading 0 native plugins for Editor in 0.00 ms.
Unloading 2107 Unused Serialized files (Serialized files now loaded: 0)
System memory in use before: 97.3 MB.
System memory in use after: 97.2 MB.

Unloading 21 unused Assets to reduce memory usage. Loaded Objects now: 2660.
Total: 7.795000 ms (FindLiveObjects: 0.977600 ms CreateObjectMapping: 0.216800 ms MarkObjects: 6.416500 ms  DeleteObjects: 0.182300 ms)

========================================================================
Received Prepare
Registering precompiled user dll's ...
Registered in 0.014272 seconds.
Begin MonoManager ReloadAssembly
Native extension for WindowsStandalone target not found
Refreshing native plugins compatible for Editor in 0.52 ms, found 3 plugins.
Preloading 0 native plugins for Editor in 0.00 ms.
Mono: successfully reloaded assembly
- Completed reload, in  1.622 seconds
Platform modules already initialized, skipping
Refreshing native plugins compatible for Editor in 0.57 ms, found 3 plugins.
Preloading 0 native plugins for Editor in 0.00 ms.
Unloading 2107 Unused Serialized files (Serialized files now loaded: 0)
System memory in use before: 97.3 MB.
System memory in use after: 97.3 MB.

Unloading 21 unused Assets to reduce memory usage. Loaded Objects now: 2664.
Total: 3.380800 ms (FindLiveObjects: 0.276200 ms CreateObjectMapping: 0.172500 ms MarkObjects: 2.736100 ms  DeleteObjects: 0.194800 ms)

========================================================================
Received Prepare
Registering precompiled user dll's ...
Registered in 0.015033 seconds.
Begin MonoManager ReloadAssembly
Native extension for WindowsStandalone target not found
Refreshing native plugins compatible for Editor in 1.19 ms, found 3 plugins.
Preloading 0 native plugins for Editor in 0.00 ms.
Mono: successfully reloaded assembly
- Completed reload, in  1.643 seconds
Platform modules already initialized, skipping
Refreshing native plugins compatible for Editor in 0.53 ms, found 3 plugins.
Preloading 0 native plugins for Editor in 0.00 ms.
Unloading 2107 Unused Serialized files (Serialized files now loaded: 0)
System memory in use before: 97.3 MB.
System memory in use after: 97.3 MB.

Unloading 21 unused Assets to reduce memory usage. Loaded Objects now: 2668.
Total: 3.165700 ms (FindLiveObjects: 0.276100 ms CreateObjectMapping: 0.097100 ms MarkObjects: 2.630100 ms  DeleteObjects: 0.161500 ms)

========================================================================
Received Prepare
Registering precompiled user dll's ...
Registered in 0.016942 seconds.
Begin MonoManager ReloadAssembly
Native extension for WindowsStandalone target not found
Refreshing native plugins compatible for Editor in 0.71 ms, found 3 plugins.
Preloading 0 native plugins for Editor in 0.00 ms.
Mono: successfully reloaded assembly
- Completed reload, in  1.607 seconds
Platform modules already initialized, skipping
Refreshing native plugins compatible for Editor in 0.56 ms, found 3 plugins.
Preloading 0 native plugins for Editor in 0.00 ms.
Unloading 2107 Unused Serialized files (Serialized files now loaded: 0)
System memory in use before: 97.3 MB.
System memory in use after: 97.3 MB.

Unloading 21 unused Assets to reduce memory usage. Loaded Objects now: 2672.
Total: 3.881100 ms (FindLiveObjects: 0.296500 ms CreateObjectMapping: 0.085000 ms MarkObjects: 3.309500 ms  DeleteObjects: 0.188700 ms)

========================================================================
Received Prepare
Registering precompiled user dll's ...
Registered in 0.015285 seconds.
Begin MonoManager ReloadAssembly
Native extension for WindowsStandalone target not found
Refreshing native plugins compatible for Editor in 0.90 ms, found 3 plugins.
Preloading 0 native plugins for Editor in 0.00 ms.
Mono: successfully reloaded assembly
- Completed reload, in  1.581 seconds
Platform modules already initialized, skipping
Refreshing native plugins compatible for Editor in 0.57 ms, found 3 plugins.
Preloading 0 native plugins for Editor in 0.00 ms.
Unloading 2107 Unused Serialized files (Serialized files now loaded: 0)
System memory in use before: 97.3 MB.
System memory in use after: 97.3 MB.

Unloading 21 unused Assets to reduce memory usage. Loaded Objects now: 2676.
Total: 4.099300 ms (FindLiveObjects: 0.261000 ms CreateObjectMapping: 0.109000 ms MarkObjects: 3.556600 ms  DeleteObjects: 0.171300 ms)

========================================================================
Received Prepare
Registering precompiled user dll's ...
Registered in 0.018498 seconds.
Begin MonoManager ReloadAssembly
Native extension for WindowsStandalone target not found
Refreshing native plugins compatible for Editor in 0.52 ms, found 3 plugins.
Preloading 0 native plugins for Editor in 0.00 ms.
Mono: successfully reloaded assembly
- Completed reload, in  1.920 seconds
Platform modules already initialized, skipping
Refreshing native plugins compatible for Editor in 0.55 ms, found 3 plugins.
Preloading 0 native plugins for Editor in 0.00 ms.
Unloading 2107 Unused Serialized files (Serialized files now loaded: 0)
System memory in use before: 97.3 MB.
System memory in use after: 97.3 MB.

Unloading 21 unused Assets to reduce memory usage. Loaded Objects now: 2680.
Total: 3.417400 ms (FindLiveObjects: 0.251400 ms CreateObjectMapping: 0.091100 ms MarkObjects: 2.865900 ms  DeleteObjects: 0.207600 ms)

AssetImportWorkerClient::OnTransportError - code=2 error=End of file
